# JRE version: Java(TM) SE Runtime Environment (8.0_261-b12) (build 1.8.0_261-b12)
# Java VM: Java HotSpot(TM) 64-Bit Server VM (25.261-b12 mixed mode windows-amd64 compressed oops)
Heap:
 PSYoungGen      total 17920K, used 3353K [0x00000000ec180000, 0x00000000ed580000, 0x0000000100000000)
  eden space 15360K, 21% used [0x00000000ec180000,0x00000000ec4c6460,0x00000000ed080000)
  from space 2560K, 0% used [0x00000000ed080000,0x00000000ed080000,0x00000000ed300000)
  to   space 2560K, 0% used [0x00000000ed300000,0x00000000ed300000,0x00000000ed580000)
 ParOldGen       total 30208K, used 1067K [0x00000000c4400000, 0x00000000c6180000, 0x00000000ec180000)
  object space 30208K, 3% used [0x00000000c4400000,0x00000000c450adc0,0x00000000c6180000)
 Metaspace       used 10095K, capacity 10292K, committed 10624K, reserved 1064960K
  class space    used 1228K, capacity 1318K, committed 1408K, reserved 1048576K
GC Heap History (4 events):
Event: 0.835 GC heap before
{Heap before GC invocations=1 (full 0):
 PSYoungGen      total 17920K, used 3384K [0x00000000ec180000, 0x00000000ed580000, 0x0000000100000000)
  eden space 15360K, 22% used [0x00000000ec180000,0x00000000ec4ce240,0x00000000ed080000)
  from space 2560K, 0% used [0x00000000ed300000,0x00000000ed300000,0x00000000ed580000)
  to   space 2560K, 0% used [0x00000000ed080000,0x00000000ed080000,0x00000000ed300000)
 ParOldGen       total 40960K, used 0K [0x00000000c4400000, 0x00000000c6c00000, 0x00000000ec180000)
  object space 40960K, 0% used [0x00000000c4400000,0x00000000c4400000,0x00000000c6c00000)
 Metaspace       used 7757K, capacity 7876K, committed 8064K, reserved 1064960K
  class space    used 949K, capacity 1028K, committed 1152K, reserved 1048576K
Event: 0.838 GC heap after
Heap after GC invocations=1 (full 0):
 PSYoungGen      total 17920K, used 1200K [0x00000000ec180000, 0x00000000ed580000, 0x0000000100000000)
  eden space 15360K, 0% used [0x00000000ec180000,0x00000000ec180000,0x00000000ed080000)
  from space 2560K, 46% used [0x00000000ed080000,0x00000000ed1ac010,0x00000000ed300000)
  to   space 2560K, 0% used [0x00000000ed300000,0x00000000ed300000,0x00000000ed580000)
 ParOldGen       total 40960K, used 8K [0x00000000c4400000, 0x00000000c6c00000, 0x00000000ec180000)
  object space 40960K, 0% used [0x00000000c4400000,0x00000000c4402000,0x00000000c6c00000)
 Metaspace       used 7757K, capacity 7876K, committed 8064K, reserved 1064960K
  class space    used 949K, capacity 1028K, committed 1152K, reserved 1048576K
}
Event: 0.838 GC heap before
{Heap before GC invocations=2 (full 1):
 PSYoungGen      total 17920K, used 1200K [0x00000000ec180000, 0x00000000ed580000, 0x0000000100000000)
  eden space 15360K, 0% used [0x00000000ec180000,0x00000000ec180000,0x00000000ed080000)
  from space 2560K, 46% used [0x00000000ed080000,0x00000000ed1ac010,0x00000000ed300000)
  to   space 2560K, 0% used [0x00000000ed300000,0x00000000ed300000,0x00000000ed580000)
 ParOldGen       total 40960K, used 8K [0x00000000c4400000, 0x00000000c6c00000, 0x00000000ec180000)
  object space 40960K, 0% used [0x00000000c4400000,0x00000000c4402000,0x00000000c6c00000)
 Metaspace       used 7757K, capacity 7876K, committed 8064K, reserved 1064960K
  class space    used 949K, capacity 1028K, committed 1152K, reserved 1048576K
Event: 0.859 GC heap after
Heap after GC invocations=2 (full 1):
 PSYoungGen      total 17920K, used 0K [0x00000000ec180000, 0x00000000ed580000, 0x0000000100000000)
  eden space 15360K, 0% used [0x00000000ec180000,0x00000000ec180000,0x00000000ed080000)
  from space 2560K, 0% used [0x00000000ed080000,0x00000000ed080000,0x00000000ed300000)
  to   space 2560K, 0% used [0x00000000ed300000,0x00000000ed300000,0x00000000ed580000)
 ParOldGen       total 30208K, used 1067K [0x00000000c4400000, 0x00000000c6180000, 0x00000000ec180000)
  object space 30208K, 3% used [0x00000000c4400000,0x00000000c450adc0,0x00000000c6180000)
 Metaspace       used 7757K, capacity 7876K, committed 8064K, reserved 1062912K
  class space    used 949K, capacity 1028K, committed 1152K, reserved 1048576K
}

